2025-09-21 11:14:21,085 - INFO - package: mysql.connector.plugins
2025-09-21 11:14:21,085 - INFO - plugin_name: caching_sha2_password
2025-09-21 11:14:21,085 - INFO - AUTHENTICATION_PLUGIN_CLASS: MySQLCachingSHA2PasswordAuthPlugin
2025-09-21 11:14:21,088 - INFO - Leídos 100 registros de estudiantes desde CSV
2025-09-21 11:14:21,088 - INFO - Iniciando limpieza de 100 registros de estudiantes
2025-09-21 11:14:21,088 - INFO - Después de eliminar duplicados: 100 registros
2025-09-21 11:14:21,089 - INFO - Después de eliminar nulos: 100 registros
2025-09-21 11:14:21,091 - INFO - Después de validar fechas: 100 registros
2025-09-21 11:14:21,095 - INFO - Después de validar cédulas: 100 registros
2025-09-21 11:14:21,095 - INFO - Después de validar géneros: 100 registros
2025-09-21 11:14:21,096 - INFO - Después de validar estratos y detectar outliers: 86 registros
2025-09-21 11:14:21,096 - INFO - Preparando inserción de 86 estudiantes
2025-09-21 11:14:21,100 - ERROR - Error en inserción de estudiantes: 1062 (23000): Duplicate entry '35830966' for key 'dim_estudiante.cedula'
2025-09-21 11:14:21,100 - ERROR - Error de base de datos: 1062 (23000): Duplicate entry '35830966' for key 'dim_estudiante.cedula'
2025-09-21 11:14:21,100 - INFO - Proceso de carga de datos finalizado
2025-09-21 11:14:43,045 - INFO - package: mysql.connector.plugins
2025-09-21 11:14:43,045 - INFO - plugin_name: caching_sha2_password
2025-09-21 11:14:43,046 - INFO - AUTHENTICATION_PLUGIN_CLASS: MySQLCachingSHA2PasswordAuthPlugin
2025-09-21 11:14:43,048 - INFO - Leídos 100 registros de estudiantes desde CSV
2025-09-21 11:14:43,048 - INFO - Iniciando limpieza de 100 registros de estudiantes
2025-09-21 11:14:43,048 - INFO - Después de eliminar duplicados: 99 registros
2025-09-21 11:14:43,049 - INFO - Después de eliminar nulos: 99 registros
2025-09-21 11:14:43,050 - INFO - Después de validar fechas: 99 registros
2025-09-21 11:14:43,050 - INFO - Después de validar cédulas: 99 registros
2025-09-21 11:14:43,051 - INFO - Después de validar géneros: 99 registros
2025-09-21 11:14:43,051 - INFO - Después de validar estratos y detectar outliers: 85 registros
2025-09-21 11:14:43,051 - INFO - Preparando inserción de 85 estudiantes
2025-09-21 11:14:43,060 - INFO - Inserción de estudiantes completada exitosamente
2025-09-21 11:14:43,060 - INFO - Leídos 6 registros de sedes
2025-09-21 11:14:43,062 - INFO - Datos de sedes cargados
2025-09-21 11:14:43,075 - INFO - Leídos 194 registros de rendimiento académico
2025-09-21 11:14:43,079 - ERROR - Error de base de datos: 1452 (23000): Cannot add or update a child row: a foreign key constraint fails (`universidad`.`rendimiento_academico`, CONSTRAINT `rendimiento_academico_ibfk_1` FOREIGN KEY (`id_estudiante`) REFERENCES `dim_estudiante` (`id_estudiante`))
2025-09-21 11:14:43,079 - INFO - Proceso de carga de datos finalizado
2025-09-21 11:15:17,244 - INFO - package: mysql.connector.plugins
2025-09-21 11:15:17,245 - INFO - plugin_name: caching_sha2_password
2025-09-21 11:15:17,245 - INFO - AUTHENTICATION_PLUGIN_CLASS: MySQLCachingSHA2PasswordAuthPlugin
2025-09-21 11:15:17,248 - INFO - Leídos 100 registros de estudiantes desde CSV
2025-09-21 11:15:17,248 - INFO - Iniciando limpieza de 100 registros de estudiantes
2025-09-21 11:15:17,249 - INFO - Después de eliminar duplicados: 99 registros
2025-09-21 11:15:17,249 - INFO - Después de eliminar nulos: 99 registros
2025-09-21 11:15:17,250 - INFO - Después de validar fechas: 99 registros
2025-09-21 11:15:17,251 - INFO - Después de validar cédulas: 99 registros
2025-09-21 11:15:17,251 - INFO - Después de validar géneros: 99 registros
2025-09-21 11:15:17,252 - INFO - Después de validar estratos y detectar outliers: 85 registros
2025-09-21 11:15:17,252 - INFO - Preparando inserción de 85 estudiantes
2025-09-21 11:15:17,257 - INFO - Inserción de estudiantes completada exitosamente
2025-09-21 11:15:17,258 - INFO - IDs de estudiantes válidos: 85
2025-09-21 11:15:17,258 - INFO - Leídos 6 registros de sedes
2025-09-21 11:15:17,260 - INFO - Datos de sedes cargados
2025-09-21 11:15:17,271 - INFO - Leídos 194 registros de rendimiento académico
2025-09-21 11:15:17,271 - INFO - Después de filtrar por estudiantes válidos: 169 registros
2025-09-21 11:15:17,293 - INFO - Datos de rendimiento académico cargados
2025-09-21 11:15:17,294 - INFO - Proceso de carga de datos finalizado
